c:\users\administrator\desktop\opengl\raycast\debug\vc142.pdb
c:\users\administrator\desktop\opengl\raycast\debug\vc142.idb
c:\users\administrator\desktop\opengl\raycast\debug\glad.obj
c:\users\administrator\desktop\opengl\raycast\debug\main.obj
c:\users\administrator\desktop\opengl\raycast\debug\stb_image_wrap.obj
c:\users\administrator\desktop\opengl\raycast\debug\vcpkg.applocal.log
c:\users\administrator\desktop\opengl\raycast\debug\raycast.pdb
c:\users\administrator\desktop\opengl\raycast\debug\raycast.tlog\cl.command.1.tlog
c:\users\administrator\desktop\opengl\raycast\debug\raycast.tlog\cl.read.1.tlog
c:\users\administrator\desktop\opengl\raycast\debug\raycast.tlog\cl.write.1.tlog
c:\users\administrator\desktop\opengl\raycast\debug\raycast.tlog\link-cvtres.read.1.tlog
c:\users\administrator\desktop\opengl\raycast\debug\raycast.tlog\link-cvtres.write.1.tlog
c:\users\administrator\desktop\opengl\raycast\debug\raycast.tlog\link-rc.read.1.tlog
c:\users\administrator\desktop\opengl\raycast\debug\raycast.tlog\link-rc.write.1.tlog
c:\users\administrator\desktop\opengl\raycast\debug\raycast.tlog\link.15856-cvtres.read.1.tlog
c:\users\administrator\desktop\opengl\raycast\debug\raycast.tlog\link.15856-cvtres.write.1.tlog
c:\users\administrator\desktop\opengl\raycast\debug\raycast.tlog\link.15856-rc.read.1.tlog
c:\users\administrator\desktop\opengl\raycast\debug\raycast.tlog\link.15856-rc.write.1.tlog
c:\users\administrator\desktop\opengl\raycast\debug\raycast.tlog\link.15856.read.1.tlog
c:\users\administrator\desktop\opengl\raycast\debug\raycast.tlog\link.15856.write.1.tlog
c:\users\administrator\desktop\opengl\raycast\debug\raycast.tlog\link.command.1.tlog
c:\users\administrator\desktop\opengl\raycast\debug\raycast.tlog\link.read.1.tlog
c:\users\administrator\desktop\opengl\raycast\debug\raycast.tlog\link.write.1.tlog
c:\users\administrator\desktop\opengl\raycast\debug\raycast.tlog\raycast.write.1u.tlog
